This is pdfTeX, Version 3.141592653-2.6-1.40.24 (TeX Live 2022) (preloaded format=pdflatex 2022.11.27)  10 APR 2023 09:58
entering extended mode
 restricted \write18 enabled.
 file:line:error style messages enabled.
 %&-line parsing enabled.
**/Users/mukeshtiwari/Mukesh/Github/CV/applications/CambridgeCS/mukesh_tiwari_research.tex
(/Users/mukeshtiwari/Mukesh/Github/CV/applications/CambridgeCS/mukesh_tiwari_research.tex
LaTeX2e <2021-11-15> patch level 1
L3 programming layer <2022-02-24> (/usr/local/texlive/2022/texmf-dist/tex/latex/base/article.cls
Document Class: article 2021/10/04 v1.4n Standard LaTeX document class
(/usr/local/texlive/2022/texmf-dist/tex/latex/base/size10.clo
File: size10.clo 2021/10/04 v1.4n Standard LaTeX file (size option)
)
\c@part=\count185
\c@section=\count186
\c@subsection=\count187
\c@subsubsection=\count188
\c@paragraph=\count189
\c@subparagraph=\count190
\c@figure=\count191
\c@table=\count192
\abovecaptionskip=\skip47
\belowcaptionskip=\skip48
\bibindent=\dimen138
) (/usr/local/texlive/2022/texmf-dist/tex/latex/url/url.sty
\Urlmuskip=\muskip16
Package: url 2013/09/16  ver 3.4  Verb mode for urls, etc.
) (/usr/local/texlive/2022/texmf-dist/tex/latex/l3backend/l3backend-pdftex.def
File: l3backend-pdftex.def 2022-02-07 L3 backend support: PDF output (pdfTeX)
\l__color_backend_stack_int=\count193
\l__pdf_internal_box=\box50
) (./mukesh_tiwari_research.aux)
\openout1 = `mukesh_tiwari_research.aux'.

LaTeX Font Info:    Checking defaults for OML/cmm/m/it on input line 13.
LaTeX Font Info:    ... okay on input line 13.
LaTeX Font Info:    Checking defaults for OMS/cmsy/m/n on input line 13.
LaTeX Font Info:    ... okay on input line 13.
LaTeX Font Info:    Checking defaults for OT1/cmr/m/n on input line 13.
LaTeX Font Info:    ... okay on input line 13.
LaTeX Font Info:    Checking defaults for T1/cmr/m/n on input line 13.
LaTeX Font Info:    ... okay on input line 13.
LaTeX Font Info:    Checking defaults for TS1/cmr/m/n on input line 13.
LaTeX Font Info:    ... okay on input line 13.
LaTeX Font Info:    Checking defaults for OMX/cmex/m/n on input line 13.
LaTeX Font Info:    ... okay on input line 13.
LaTeX Font Info:    Checking defaults for U/cmr/m/n on input line 13.
LaTeX Font Info:    ... okay on input line 13.
LaTeX Font Info:    External font `cmex10' loaded for size
(Font)              <12> on input line 16.
LaTeX Font Info:    External font `cmex10' loaded for size
(Font)              <8> on input line 16.
LaTeX Font Info:    External font `cmex10' loaded for size
(Font)              <6> on input line 16.
LaTeX Font Info:    External font `cmex10' loaded for size
(Font)              <5> on input line 38.


LaTeX Warning: Citation `Wolchok:2010:SAI:1866307.1866309' on page 1 undefined on input line 41.


LaTeX Warning: Citation `10.1145/3014812.3014837' on page 1 undefined on input line 46.


LaTeX Warning: Citation `9152765' on page 1 undefined on input line 46.


LaTeX Warning: Citation `AEC:2013:LMM' on page 1 undefined on input line 46.

[1

{/usr/local/texlive/2022/texmf-var/fonts/map/pdftex/updmap/pdftex.map}]

LaTeX Warning: Citation `10.1007/978-3-319-66107-0_26' on page 2 undefined on input line 75.


LaTeX Warning: Citation `arrow1950difficulty' on page 2 undefined on input line 81.


LaTeX Warning: Citation `10.1007/978-3-319-66107-0_26' on page 2 undefined on input line 86.


LaTeX Warning: Citation `bennett2017no' on page 2 undefined on input line 91.


LaTeX Warning: Citation `10.1007/978-3-319-66107-0_26' on page 2 undefined on input line 92.


LaTeX Warning: Citation `Otten' on page 2 undefined on input line 97.


LaTeX Warning: Citation `Benaloh:2009:SSC' on page 2 undefined on input line 97.


LaTeX Warning: Citation `10.1007/978-3-319-66107-0_26' on page 2 undefined on input line 103.


LaTeX Warning: Citation `bennett2017no' on page 2 undefined on input line 103.


LaTeX Warning: Citation `10.1007/978-3-030-41600-3_4' on page 2 undefined on input line 109.


LaTeX Warning: Citation `10.1145/3319535.3354247' on page 2 undefined on input line 116.


LaTeX Warning: Citation `10.1007/978-3-030-00419-4_4' on page 2 undefined on input line 118.

[2]

LaTeX Warning: Citation `liu2004linkable' on page 3 undefined on input line 171.


LaTeX Warning: Citation `Clarke2001' on page 3 undefined on input line 171.


LaTeX Warning: Citation `schimmer2009peer' on page 3 undefined on input line 171.


LaTeX Warning: Citation `10.1145/1866307.1866346' on page 3 undefined on input line 171.

[3]

LaTeX Warning: Citation `tiwari2021machine' on page 4 undefined on input line 202.


LaTeX Warning: Citation `faliszewski2006complexity' on page 4 undefined on input line 205.


LaTeX Warning: Citation `10.1007/978-3-319-66107-0_26' on page 4 undefined on input line 216.


LaTeX Warning: Citation `10.1093/imamat/15.2.161' on page 4 undefined on input line 218.


LaTeX Warning: Citation `10.1145/1080091.1080094' on page 4 undefined on input line 218.


LaTeX Warning: Citation `gondran2008graphs' on page 4 undefined on input line 221.

[4]
No file mukesh_tiwari_research.bbl.
[5] (./mukesh_tiwari_research.aux)

LaTeX Warning: There were undefined references.

 ) 
Here is how much of TeX's memory you used:
 524 strings out of 478268
 9490 string characters out of 5846346
 309959 words of memory out of 5000000
 18796 multiletter control sequences out of 15000+600000
 473721 words of font info for 43 fonts, out of 8000000 for 9000
 1141 hyphenation exceptions out of 8191
 34i,8n,38p,274b,289s stack positions out of 10000i,1000n,20000p,200000b,200000s
</usr/local/texlive/2022/texmf-dist/fonts/type1/public/amsfonts/cm/cmbx12.pfb></usr/local/texlive/2022/texmf-dist/fonts/type1/public/amsfonts/cm/cmr10.pfb></usr/local/texlive/2022/texmf-dist/fonts/type1/public/amsfonts/cm/cmr12.pfb></usr/local/texlive/2022/texmf-dist/fonts/type1/public/amsfonts/cm/cmr17.pfb></usr/local/texlive/2022/texmf-dist/fonts/type1/public/amsfonts/cm/cmr6.pfb></usr/local/texlive/2022/texmf-dist/fonts/type1/public/amsfonts/cm/cmr8.pfb></usr/local/texlive/2022/texmf-dist/fonts/type1/public/amsfonts/cm/cmti12.pfb></usr/local/texlive/2022/texmf-dist/fonts/type1/public/amsfonts/cm/cmtt8.pfb>
Output written on mukesh_tiwari_research.pdf (5 pages, 119504 bytes).
PDF statistics:
 60 PDF objects out of 1000 (max. 8388607)
 36 compressed objects within 1 object stream
 0 named destinations out of 1000 (max. 500000)
 1 words of extra memory for PDF output out of 10000 (max. 10000000)

